This file contains any messages produced by compilers while
running configure, to aid debugging if configure makes a mistake.

It was created by Snap Plugin Library configure 0.0.1-beta, which was
generated by GNU Autoconf 2.69.  Invocation command line was

  $ /root/snap-plugin-lib-cpp/configure CPPFLAGS=--std=c++1y -g -fprofile-arcs -ftest-coverage --coverage -fPIC -DPIC -lgcov -O0 LDFLAGS=-g -fprofile-arcs -ftest-coverage --coverage -fPIC -DPIC -lgcov -O0 --prefix=/root/snap-plugin-lib-cpp/lib

## --------- ##
## Platform. ##
## --------- ##

hostname = mkleina-dev
uname -m = x86_64
uname -r = 4.10.0-32-generic
uname -s = Linux
uname -v = #36-Ubuntu SMP Tue Aug 8 12:10:06 UTC 2017

/usr/bin/uname -p = unknown
/bin/uname -X     = unknown

/bin/arch              = unknown
/usr/bin/arch -k       = unknown
/usr/convex/getsysinfo = unknown
/usr/bin/hostinfo      = unknown
/bin/machine           = unknown
/usr/bin/oslevel       = unknown
/bin/universe          = unknown

PATH: /usr/local/sbin
PATH: /usr/local/bin
PATH: /usr/sbin
PATH: /usr/bin
PATH: /sbin
PATH: /bin


## ----------- ##
## Core tests. ##
## ----------- ##

configure:2327: checking build system type
configure:2341: result: x86_64-pc-linux-gnu
configure:2361: checking host system type
configure:2374: result: x86_64-pc-linux-gnu
configure:2415: checking how to print strings
configure:2442: result: printf
configure:2514: checking for gcc
configure:2530: found /usr/bin/gcc
configure:2541: result: gcc
configure:2770: checking for C compiler version
configure:2779: gcc --version >&5
gcc (Ubuntu 6.2.0-5ubuntu12) 6.2.0 20161005
Copyright (C) 2016 Free Software Foundation, Inc.
This is free software; see the source for copying conditions.  There is NO
warranty; not even for MERCHANTABILITY or FITNESS FOR A PARTICULAR PURPOSE.

configure:2790: $? = 0
configure:2779: gcc -v >&5
Using built-in specs.
COLLECT_GCC=gcc
COLLECT_LTO_WRAPPER=/usr/lib/gcc/x86_64-linux-gnu/6/lto-wrapper
Target: x86_64-linux-gnu
Configured with: ../src/configure -v --with-pkgversion='Ubuntu 6.2.0-5ubuntu12' --with-bugurl=file:///usr/share/doc/gcc-6/README.Bugs --enable-languages=c,ada,c++,java,go,d,fortran,objc,obj-c++ --prefix=/usr --program-suffix=-6 --program-prefix=x86_64-linux-gnu- --enable-shared --enable-linker-build-id --libexecdir=/usr/lib --without-included-gettext --enable-threads=posix --libdir=/usr/lib --enable-nls --with-sysroot=/ --enable-clocale=gnu --enable-libstdcxx-debug --enable-libstdcxx-time=yes --with-default-libstdcxx-abi=new --enable-gnu-unique-object --disable-vtable-verify --enable-libmpx --enable-plugin --enable-default-pie --with-system-zlib --disable-browser-plugin --enable-java-awt=gtk --enable-gtk-cairo --with-java-home=/usr/lib/jvm/java-1.5.0-gcj-6-amd64/jre --enable-java-home --with-jvm-root-dir=/usr/lib/jvm/java-1.5.0-gcj-6-amd64 --with-jvm-jar-dir=/usr/lib/jvm-exports/java-1.5.0-gcj-6-amd64 --with-arch-directory=amd64 --with-ecj-jar=/usr/share/java/eclipse-ecj.jar --enable-objc-gc --enable-multiarch --disable-werror --with-arch-32=i686 --with-abi=m64 --with-multilib-list=m32,m64,mx32 --enable-multilib --with-tune=generic --enable-checking=release --build=x86_64-linux-gnu --host=x86_64-linux-gnu --target=x86_64-linux-gnu
Thread model: posix
gcc version 6.2.0 20161005 (Ubuntu 6.2.0-5ubuntu12) 
configure:2790: $? = 0
configure:2779: gcc -V >&5
gcc: error: unrecognized command line option '-V'
gcc: fatal error: no input files
compilation terminated.
configure:2790: $? = 1
configure:2779: gcc -qversion >&5
gcc: error: unrecognized command line option '-qversion'; did you mean '--version'?
gcc: fatal error: no input files
compilation terminated.
configure:2790: $? = 1
configure:2810: checking whether the C compiler works
configure:2832: gcc  --std=c++1y -g -fprofile-arcs -ftest-coverage --coverage -fPIC -DPIC -lgcov -O0 -g -fprofile-arcs -ftest-coverage --coverage -fPIC -DPIC -lgcov -O0 conftest.c  >&5
cc1: warning: command line option '-std=c++14' is valid for C++/ObjC++ but not for C
configure:2836: $? = 0
configure:2884: result: yes
configure:2887: checking for C compiler default output file name
configure:2889: result: a.out
configure:2895: checking for suffix of executables
configure:2902: gcc -o conftest  --std=c++1y -g -fprofile-arcs -ftest-coverage --coverage -fPIC -DPIC -lgcov -O0 -g -fprofile-arcs -ftest-coverage --coverage -fPIC -DPIC -lgcov -O0 conftest.c  >&5
cc1: warning: command line option '-std=c++14' is valid for C++/ObjC++ but not for C
configure:2906: $? = 0
configure:2928: result: 
configure:2950: checking whether we are cross compiling
configure:2958: gcc -o conftest  --std=c++1y -g -fprofile-arcs -ftest-coverage --coverage -fPIC -DPIC -lgcov -O0 -g -fprofile-arcs -ftest-coverage --coverage -fPIC -DPIC -lgcov -O0 conftest.c  >&5
cc1: warning: command line option '-std=c++14' is valid for C++/ObjC++ but not for C
configure:2962: $? = 0
configure:2969: ./conftest
configure:2973: $? = 0
configure:2988: result: no
configure:2993: checking for suffix of object files
configure:3015: gcc -c  --std=c++1y -g -fprofile-arcs -ftest-coverage --coverage -fPIC -DPIC -lgcov -O0 conftest.c >&5
cc1: warning: command line option '-std=c++14' is valid for C++/ObjC++ but not for C
configure:3019: $? = 0
configure:3040: result: o
configure:3044: checking whether we are using the GNU C compiler
configure:3063: gcc -c  --std=c++1y -g -fprofile-arcs -ftest-coverage --coverage -fPIC -DPIC -lgcov -O0 conftest.c >&5
cc1: warning: command line option '-std=c++14' is valid for C++/ObjC++ but not for C
configure:3063: $? = 0
configure:3072: result: yes
configure:3081: checking whether gcc accepts -g
configure:3101: gcc -c -g --std=c++1y -g -fprofile-arcs -ftest-coverage --coverage -fPIC -DPIC -lgcov -O0 conftest.c >&5
cc1: warning: command line option '-std=c++14' is valid for C++/ObjC++ but not for C
configure:3101: $? = 0
configure: failed program was:
| /* confdefs.h */
| #define PACKAGE_NAME "Snap Plugin Library"
| #define PACKAGE_TARNAME "snap"
| #define PACKAGE_VERSION "0.0.1-beta"
| #define PACKAGE_STRING "Snap Plugin Library 0.0.1-beta"
| #define PACKAGE_BUGREPORT "danielscottt@gmail.com"
| #define PACKAGE_URL ""
| /* end confdefs.h.  */
| 
| int
| main ()
| {
| 
|   ;
|   return 0;
| }
configure:3116: gcc -c  --std=c++1y -g -fprofile-arcs -ftest-coverage --coverage -fPIC -DPIC -lgcov -O0 conftest.c >&5
cc1: warning: command line option '-std=c++14' is valid for C++/ObjC++ but not for C
configure:3116: $? = 0
configure: failed program was:
| /* confdefs.h */
| #define PACKAGE_NAME "Snap Plugin Library"
| #define PACKAGE_TARNAME "snap"
| #define PACKAGE_VERSION "0.0.1-beta"
| #define PACKAGE_STRING "Snap Plugin Library 0.0.1-beta"
| #define PACKAGE_BUGREPORT "danielscottt@gmail.com"
| #define PACKAGE_URL ""
| /* end confdefs.h.  */
| 
| int
| main ()
| {
| 
|   ;
|   return 0;
| }
configure:3132: gcc -c -g --std=c++1y -g -fprofile-arcs -ftest-coverage --coverage -fPIC -DPIC -lgcov -O0 conftest.c >&5
cc1: warning: command line option '-std=c++14' is valid for C++/ObjC++ but not for C
configure:3132: $? = 0
configure:3142: result: yes
configure:3159: checking for gcc option to accept ISO C89
configure:3222: gcc  -c -g -O2 --std=c++1y -g -fprofile-arcs -ftest-coverage --coverage -fPIC -DPIC -lgcov -O0 conftest.c >&5
cc1: warning: command line option '-std=c++14' is valid for C++/ObjC++ but not for C
configure:3222: $? = 0
configure:3235: result: none needed
configure:3260: checking whether gcc understands -c and -o together
configure:3282: gcc -c conftest.c -o conftest2.o
configure:3285: $? = 0
configure:3282: gcc -c conftest.c -o conftest2.o
configure:3285: $? = 0
configure:3297: result: yes
configure:3314: checking for a sed that does not truncate output
configure:3378: result: /bin/sed
configure:3396: checking for grep that handles long lines and -e
configure:3454: result: /bin/grep
configure:3459: checking for egrep
configure:3521: result: /bin/grep -E
configure:3526: checking for fgrep
configure:3588: result: /bin/grep -F
configure:3623: checking for ld used by gcc
configure:3690: result: /usr/bin/ld
configure:3697: checking if the linker (/usr/bin/ld) is GNU ld
configure:3712: result: yes
configure:3724: checking for BSD- or MS-compatible name lister (nm)
configure:3778: result: /usr/bin/nm -B
configure:3908: checking the name lister (/usr/bin/nm -B) interface
configure:3915: gcc -c -g -O2 --std=c++1y -g -fprofile-arcs -ftest-coverage --coverage -fPIC -DPIC -lgcov -O0 conftest.c >&5
cc1: warning: command line option '-std=c++14' is valid for C++/ObjC++ but not for C
configure:3918: /usr/bin/nm -B "conftest.o"
configure:3921: output
0000000000000000 B some_variable
configure:3928: result: BSD nm
configure:3931: checking whether ln -s works
configure:3935: result: yes
configure:3943: checking the maximum length of command line arguments
configure:4074: result: 1572864
configure:4122: checking how to convert x86_64-pc-linux-gnu file names to x86_64-pc-linux-gnu format
configure:4162: result: func_convert_file_noop
configure:4169: checking how to convert x86_64-pc-linux-gnu file names to toolchain format
configure:4189: result: func_convert_file_noop
configure:4196: checking for /usr/bin/ld option to reload object files
configure:4203: result: -r
configure:4277: checking for objdump
configure:4293: found /usr/bin/objdump
configure:4304: result: objdump
configure:4336: checking how to recognize dependent libraries
configure:4536: result: pass_all
configure:4621: checking for dlltool
configure:4651: result: no
configure:4681: checking how to associate runtime and link libraries
configure:4708: result: printf %s\n
configure:4769: checking for ar
configure:4785: found /usr/bin/ar
configure:4796: result: ar
configure:4833: checking for archiver @FILE support
configure:4850: gcc -c -g -O2 --std=c++1y -g -fprofile-arcs -ftest-coverage --coverage -fPIC -DPIC -lgcov -O0 conftest.c >&5
cc1: warning: command line option '-std=c++14' is valid for C++/ObjC++ but not for C
configure:4850: $? = 0
configure:4853: ar cru libconftest.a @conftest.lst >&5
ar: `u' modifier ignored since `D' is the default (see `U')
configure:4856: $? = 0
configure:4861: ar cru libconftest.a @conftest.lst >&5
ar: `u' modifier ignored since `D' is the default (see `U')
ar: conftest.o: No such file or directory
configure:4864: $? = 1
configure:4876: result: @
configure:4934: checking for strip
configure:4950: found /usr/bin/strip
configure:4961: result: strip
configure:5033: checking for ranlib
configure:5049: found /usr/bin/ranlib
configure:5060: result: ranlib
configure:5137: checking for gawk
configure:5167: result: no
configure:5137: checking for mawk
configure:5153: found /usr/bin/mawk
configure:5164: result: mawk
configure:5204: checking command to parse /usr/bin/nm -B output from gcc object
configure:5357: gcc -c -g -O2 --std=c++1y -g -fprofile-arcs -ftest-coverage --coverage -fPIC -DPIC -lgcov -O0 conftest.c >&5
cc1: warning: command line option '-std=c++14' is valid for C++/ObjC++ but not for C
configure:5360: $? = 0
configure:5364: /usr/bin/nm -B conftest.o \| sed -n -e 's/^.*[ ]\([ABCDGIRSTW][ABCDGIRSTW]*\)[ ][ ]*\([_A-Za-z][_A-Za-z0-9]*\)$/\1 \2 \2/p' | sed '/ __gnu_lto/d' \> conftest.nm
configure:5367: $? = 0
configure:5433: gcc -o conftest -g -O2 --std=c++1y -g -fprofile-arcs -ftest-coverage --coverage -fPIC -DPIC -lgcov -O0 -g -fprofile-arcs -ftest-coverage --coverage -fPIC -DPIC -lgcov -O0 conftest.c conftstm.o >&5
cc1: warning: command line option '-std=c++14' is valid for C++/ObjC++ but not for C
configure:5436: $? = 0
configure:5474: result: ok
configure:5521: checking for sysroot
configure:5551: result: no
configure:5558: checking for a working dd
configure:5596: result: /bin/dd
configure:5600: checking how to truncate binary pipes
configure:5615: result: /bin/dd bs=4096 count=1
configure:5751: gcc -c -g -O2 --std=c++1y -g -fprofile-arcs -ftest-coverage --coverage -fPIC -DPIC -lgcov -O0 conftest.c >&5
cc1: warning: command line option '-std=c++14' is valid for C++/ObjC++ but not for C
configure:5754: $? = 0
configure:5944: checking for mt
configure:5974: result: no
configure:5994: checking if : is a manifest tool
configure:6000: : '-?'
configure:6008: result: no
configure:6685: checking how to run the C preprocessor
configure:6716: gcc -E --std=c++1y -g -fprofile-arcs -ftest-coverage --coverage -fPIC -DPIC -lgcov -O0 conftest.c
cc1: warning: command line option '-std=c++14' is valid for C++/ObjC++ but not for C
configure:6716: $? = 0
configure:6730: gcc -E --std=c++1y -g -fprofile-arcs -ftest-coverage --coverage -fPIC -DPIC -lgcov -O0 conftest.c
cc1: warning: command line option '-std=c++14' is valid for C++/ObjC++ but not for C
conftest.c:9:28: fatal error: ac_nonexistent.h: No such file or directory
 #include <ac_nonexistent.h>
                            ^
compilation terminated.
configure:6730: $? = 1
configure: failed program was:
| /* confdefs.h */
| #define PACKAGE_NAME "Snap Plugin Library"
| #define PACKAGE_TARNAME "snap"
| #define PACKAGE_VERSION "0.0.1-beta"
| #define PACKAGE_STRING "Snap Plugin Library 0.0.1-beta"
| #define PACKAGE_BUGREPORT "danielscottt@gmail.com"
| #define PACKAGE_URL ""
| /* end confdefs.h.  */
| #include <ac_nonexistent.h>
configure:6755: result: gcc -E
configure:6775: gcc -E --std=c++1y -g -fprofile-arcs -ftest-coverage --coverage -fPIC -DPIC -lgcov -O0 conftest.c
cc1: warning: command line option '-std=c++14' is valid for C++/ObjC++ but not for C
configure:6775: $? = 0
configure:6789: gcc -E --std=c++1y -g -fprofile-arcs -ftest-coverage --coverage -fPIC -DPIC -lgcov -O0 conftest.c
cc1: warning: command line option '-std=c++14' is valid for C++/ObjC++ but not for C
conftest.c:9:28: fatal error: ac_nonexistent.h: No such file or directory
 #include <ac_nonexistent.h>
                            ^
compilation terminated.
configure:6789: $? = 1
configure: failed program was:
| /* confdefs.h */
| #define PACKAGE_NAME "Snap Plugin Library"
| #define PACKAGE_TARNAME "snap"
| #define PACKAGE_VERSION "0.0.1-beta"
| #define PACKAGE_STRING "Snap Plugin Library 0.0.1-beta"
| #define PACKAGE_BUGREPORT "danielscottt@gmail.com"
| #define PACKAGE_URL ""
| /* end confdefs.h.  */
| #include <ac_nonexistent.h>
configure:6818: checking for ANSI C header files
configure:6838: gcc -c -g -O2 --std=c++1y -g -fprofile-arcs -ftest-coverage --coverage -fPIC -DPIC -lgcov -O0 conftest.c >&5
cc1: warning: command line option '-std=c++14' is valid for C++/ObjC++ but not for C
configure:6838: $? = 0
cc1: warning: command line option '-std=c++14' is valid for C++/ObjC++ but not for C
cc1: warning: command line option '-std=c++14' is valid for C++/ObjC++ but not for C
configure:6911: gcc -o conftest -g -O2 --std=c++1y -g -fprofile-arcs -ftest-coverage --coverage -fPIC -DPIC -lgcov -O0 -g -fprofile-arcs -ftest-coverage --coverage -fPIC -DPIC -lgcov -O0 conftest.c  >&5
cc1: warning: command line option '-std=c++14' is valid for C++/ObjC++ but not for C
configure:6911: $? = 0
configure:6911: ./conftest
configure:6911: $? = 0
configure:6922: result: yes
configure:6935: checking for sys/types.h
configure:6935: gcc -c -g -O2 --std=c++1y -g -fprofile-arcs -ftest-coverage --coverage -fPIC -DPIC -lgcov -O0 conftest.c >&5
cc1: warning: command line option '-std=c++14' is valid for C++/ObjC++ but not for C
configure:6935: $? = 0
configure:6935: result: yes
configure:6935: checking for sys/stat.h
configure:6935: gcc -c -g -O2 --std=c++1y -g -fprofile-arcs -ftest-coverage --coverage -fPIC -DPIC -lgcov -O0 conftest.c >&5
cc1: warning: command line option '-std=c++14' is valid for C++/ObjC++ but not for C
configure:6935: $? = 0
configure:6935: result: yes
configure:6935: checking for stdlib.h
configure:6935: gcc -c -g -O2 --std=c++1y -g -fprofile-arcs -ftest-coverage --coverage -fPIC -DPIC -lgcov -O0 conftest.c >&5
cc1: warning: command line option '-std=c++14' is valid for C++/ObjC++ but not for C
configure:6935: $? = 0
configure:6935: result: yes
configure:6935: checking for string.h
configure:6935: gcc -c -g -O2 --std=c++1y -g -fprofile-arcs -ftest-coverage --coverage -fPIC -DPIC -lgcov -O0 conftest.c >&5
cc1: warning: command line option '-std=c++14' is valid for C++/ObjC++ but not for C
configure:6935: $? = 0
configure:6935: result: yes
configure:6935: checking for memory.h
configure:6935: gcc -c -g -O2 --std=c++1y -g -fprofile-arcs -ftest-coverage --coverage -fPIC -DPIC -lgcov -O0 conftest.c >&5
cc1: warning: command line option '-std=c++14' is valid for C++/ObjC++ but not for C
configure:6935: $? = 0
configure:6935: result: yes
configure:6935: checking for strings.h
configure:6935: gcc -c -g -O2 --std=c++1y -g -fprofile-arcs -ftest-coverage --coverage -fPIC -DPIC -lgcov -O0 conftest.c >&5
cc1: warning: command line option '-std=c++14' is valid for C++/ObjC++ but not for C
configure:6935: $? = 0
configure:6935: result: yes
configure:6935: checking for inttypes.h
configure:6935: gcc -c -g -O2 --std=c++1y -g -fprofile-arcs -ftest-coverage --coverage -fPIC -DPIC -lgcov -O0 conftest.c >&5
cc1: warning: command line option '-std=c++14' is valid for C++/ObjC++ but not for C
configure:6935: $? = 0
configure:6935: result: yes
configure:6935: checking for stdint.h
configure:6935: gcc -c -g -O2 --std=c++1y -g -fprofile-arcs -ftest-coverage --coverage -fPIC -DPIC -lgcov -O0 conftest.c >&5
cc1: warning: command line option '-std=c++14' is valid for C++/ObjC++ but not for C
configure:6935: $? = 0
configure:6935: result: yes
configure:6935: checking for unistd.h
configure:6935: gcc -c -g -O2 --std=c++1y -g -fprofile-arcs -ftest-coverage --coverage -fPIC -DPIC -lgcov -O0 conftest.c >&5
cc1: warning: command line option '-std=c++14' is valid for C++/ObjC++ but not for C
configure:6935: $? = 0
configure:6935: result: yes
configure:6949: checking for dlfcn.h
configure:6949: gcc -c -g -O2 --std=c++1y -g -fprofile-arcs -ftest-coverage --coverage -fPIC -DPIC -lgcov -O0 conftest.c >&5
cc1: warning: command line option '-std=c++14' is valid for C++/ObjC++ but not for C
configure:6949: $? = 0
configure:6949: result: yes
configure:7205: checking for objdir
configure:7220: result: .libs
configure:7480: checking if gcc supports -fno-rtti -fno-exceptions
configure:7498: gcc -c -g -O2 --std=c++1y -g -fprofile-arcs -ftest-coverage --coverage -fPIC -DPIC -lgcov -O0 -fno-rtti -fno-exceptions conftest.c >&5
cc1: warning: command line option '-std=c++14' is valid for C++/ObjC++ but not for C
cc1: warning: command line option '-fno-rtti' is valid for C++/ObjC++ but not for C
configure:7502: $? = 0
configure:7515: result: no
configure:7873: checking for gcc option to produce PIC
configure:7880: result: -fPIC -DPIC
configure:7888: checking if gcc PIC flag -fPIC -DPIC works
configure:7906: gcc -c -g -O2 --std=c++1y -g -fprofile-arcs -ftest-coverage --coverage -fPIC -DPIC -lgcov -O0 -fPIC -DPIC -DPIC conftest.c >&5
cc1: warning: command line option '-std=c++14' is valid for C++/ObjC++ but not for C
configure:7910: $? = 0
configure:7923: result: yes
configure:7952: checking if gcc static flag -static works
cc1: warning: command line option '-std=c++14' is valid for C++/ObjC++ but not for C
configure:7980: result: yes
configure:7995: checking if gcc supports -c -o file.o
configure:8016: gcc -c -g -O2 --std=c++1y -g -fprofile-arcs -ftest-coverage --coverage -fPIC -DPIC -lgcov -O0 -o out/conftest2.o conftest.c >&5
cc1: warning: command line option '-std=c++14' is valid for C++/ObjC++ but not for C
configure:8020: $? = 0
configure:8042: result: yes
configure:8050: checking if gcc supports -c -o file.o
configure:8097: result: yes
configure:8130: checking whether the gcc linker (/usr/bin/ld -m elf_x86_64) supports shared libraries
configure:9393: result: yes
configure:9430: checking whether -lc should be explicitly linked in
configure:9438: gcc -c -g -O2 --std=c++1y -g -fprofile-arcs -ftest-coverage --coverage -fPIC -DPIC -lgcov -O0 conftest.c >&5
cc1: warning: command line option '-std=c++14' is valid for C++/ObjC++ but not for C
configure:9441: $? = 0
configure:9456: gcc -shared  -fPIC -DPIC conftest.o  -v -Wl,-soname -Wl,conftest -o conftest 2\>\&1 \| /bin/grep  -lc  \>/dev/null 2\>\&1
configure:9459: $? = 0
configure:9473: result: no
configure:9633: checking dynamic linker characteristics
configure:10214: gcc -o conftest -g -O2 --std=c++1y -g -fprofile-arcs -ftest-coverage --coverage -fPIC -DPIC -lgcov -O0 -g -fprofile-arcs -ftest-coverage --coverage -fPIC -DPIC -lgcov -O0 -Wl,-rpath -Wl,/foo conftest.c  >&5
cc1: warning: command line option '-std=c++14' is valid for C++/ObjC++ but not for C
configure:10214: $? = 0
configure:10463: result: GNU/Linux ld.so
configure:10585: checking how to hardcode library paths into programs
configure:10610: result: immediate
configure:11158: checking whether stripping libraries is possible
configure:11163: result: yes
configure:11198: checking if libtool supports shared libraries
configure:11200: result: yes
configure:11203: checking whether to build shared libraries
configure:11228: result: yes
configure:11231: checking whether to build static libraries
configure:11235: result: yes
configure:11289: checking for a BSD-compatible install
configure:11357: result: /usr/bin/install -c
configure:11368: checking whether build environment is sane
configure:11423: result: yes
configure:11571: checking for a thread-safe mkdir -p
configure:11610: result: /bin/mkdir -p
configure:11613: checking whether make sets $(MAKE)
configure:11635: result: yes
configure:11665: checking for style of include used by make
configure:11693: result: GNU
configure:11727: checking whether make supports nested variables
configure:11744: result: yes
configure:11829: checking dependency style of gcc
configure:11940: result: gcc3
configure:12056: checking for g++
configure:12072: found /usr/bin/g++
configure:12083: result: g++
configure:12110: checking for C++ compiler version
configure:12119: g++ --version >&5
g++ (Ubuntu 6.2.0-5ubuntu12) 6.2.0 20161005
Copyright (C) 2016 Free Software Foundation, Inc.
This is free software; see the source for copying conditions.  There is NO
warranty; not even for MERCHANTABILITY or FITNESS FOR A PARTICULAR PURPOSE.

configure:12130: $? = 0
configure:12119: g++ -v >&5
Using built-in specs.
COLLECT_GCC=g++
COLLECT_LTO_WRAPPER=/usr/lib/gcc/x86_64-linux-gnu/6/lto-wrapper
Target: x86_64-linux-gnu
Configured with: ../src/configure -v --with-pkgversion='Ubuntu 6.2.0-5ubuntu12' --with-bugurl=file:///usr/share/doc/gcc-6/README.Bugs --enable-languages=c,ada,c++,java,go,d,fortran,objc,obj-c++ --prefix=/usr --program-suffix=-6 --program-prefix=x86_64-linux-gnu- --enable-shared --enable-linker-build-id --libexecdir=/usr/lib --without-included-gettext --enable-threads=posix --libdir=/usr/lib --enable-nls --with-sysroot=/ --enable-clocale=gnu --enable-libstdcxx-debug --enable-libstdcxx-time=yes --with-default-libstdcxx-abi=new --enable-gnu-unique-object --disable-vtable-verify --enable-libmpx --enable-plugin --enable-default-pie --with-system-zlib --disable-browser-plugin --enable-java-awt=gtk --enable-gtk-cairo --with-java-home=/usr/lib/jvm/java-1.5.0-gcj-6-amd64/jre --enable-java-home --with-jvm-root-dir=/usr/lib/jvm/java-1.5.0-gcj-6-amd64 --with-jvm-jar-dir=/usr/lib/jvm-exports/java-1.5.0-gcj-6-amd64 --with-arch-directory=amd64 --with-ecj-jar=/usr/share/java/eclipse-ecj.jar --enable-objc-gc --enable-multiarch --disable-werror --with-arch-32=i686 --with-abi=m64 --with-multilib-list=m32,m64,mx32 --enable-multilib --with-tune=generic --enable-checking=release --build=x86_64-linux-gnu --host=x86_64-linux-gnu --target=x86_64-linux-gnu
Thread model: posix
gcc version 6.2.0 20161005 (Ubuntu 6.2.0-5ubuntu12) 
configure:12130: $? = 0
configure:12119: g++ -V >&5
g++: error: unrecognized command line option '-V'
g++: fatal error: no input files
compilation terminated.
configure:12130: $? = 1
configure:12119: g++ -qversion >&5
g++: error: unrecognized command line option '-qversion'; did you mean '--version'?
g++: fatal error: no input files
compilation terminated.
configure:12130: $? = 1
configure:12134: checking whether we are using the GNU C++ compiler
configure:12153: g++ -c  --std=c++1y -g -fprofile-arcs -ftest-coverage --coverage -fPIC -DPIC -lgcov -O0 conftest.cpp >&5
configure:12153: $? = 0
configure:12162: result: yes
configure:12171: checking whether g++ accepts -g
configure:12191: g++ -c -g --std=c++1y -g -fprofile-arcs -ftest-coverage --coverage -fPIC -DPIC -lgcov -O0 conftest.cpp >&5
configure:12191: $? = 0
configure:12232: result: yes
configure:12273: checking how to run the C++ preprocessor
configure:12300: g++ -E --std=c++1y -g -fprofile-arcs -ftest-coverage --coverage -fPIC -DPIC -lgcov -O0 conftest.cpp
configure:12300: $? = 0
configure:12314: g++ -E --std=c++1y -g -fprofile-arcs -ftest-coverage --coverage -fPIC -DPIC -lgcov -O0 conftest.cpp
conftest.cpp:23:28: fatal error: ac_nonexistent.h: No such file or directory
 #include <ac_nonexistent.h>
                            ^
compilation terminated.
configure:12314: $? = 1
configure: failed program was:
| /* confdefs.h */
| #define PACKAGE_NAME "Snap Plugin Library"
| #define PACKAGE_TARNAME "snap"
| #define PACKAGE_VERSION "0.0.1-beta"
| #define PACKAGE_STRING "Snap Plugin Library 0.0.1-beta"
| #define PACKAGE_BUGREPORT "danielscottt@gmail.com"
| #define PACKAGE_URL ""
| #define STDC_HEADERS 1
| #define HAVE_SYS_TYPES_H 1
| #define HAVE_SYS_STAT_H 1
| #define HAVE_STDLIB_H 1
| #define HAVE_STRING_H 1
| #define HAVE_MEMORY_H 1
| #define HAVE_STRINGS_H 1
| #define HAVE_INTTYPES_H 1
| #define HAVE_STDINT_H 1
| #define HAVE_UNISTD_H 1
| #define HAVE_DLFCN_H 1
| #define LT_OBJDIR ".libs/"
| #define PACKAGE "snap"
| #define VERSION "0.0.1-beta"
| /* end confdefs.h.  */
| #include <ac_nonexistent.h>
configure:12339: result: g++ -E
configure:12359: g++ -E --std=c++1y -g -fprofile-arcs -ftest-coverage --coverage -fPIC -DPIC -lgcov -O0 conftest.cpp
configure:12359: $? = 0
configure:12373: g++ -E --std=c++1y -g -fprofile-arcs -ftest-coverage --coverage -fPIC -DPIC -lgcov -O0 conftest.cpp
conftest.cpp:23:28: fatal error: ac_nonexistent.h: No such file or directory
 #include <ac_nonexistent.h>
                            ^
compilation terminated.
configure:12373: $? = 1
configure: failed program was:
| /* confdefs.h */
| #define PACKAGE_NAME "Snap Plugin Library"
| #define PACKAGE_TARNAME "snap"
| #define PACKAGE_VERSION "0.0.1-beta"
| #define PACKAGE_STRING "Snap Plugin Library 0.0.1-beta"
| #define PACKAGE_BUGREPORT "danielscottt@gmail.com"
| #define PACKAGE_URL ""
| #define STDC_HEADERS 1
| #define HAVE_SYS_TYPES_H 1
| #define HAVE_SYS_STAT_H 1
| #define HAVE_STDLIB_H 1
| #define HAVE_STRING_H 1
| #define HAVE_MEMORY_H 1
| #define HAVE_STRINGS_H 1
| #define HAVE_INTTYPES_H 1
| #define HAVE_STDINT_H 1
| #define HAVE_UNISTD_H 1
| #define HAVE_DLFCN_H 1
| #define LT_OBJDIR ".libs/"
| #define PACKAGE "snap"
| #define VERSION "0.0.1-beta"
| /* end confdefs.h.  */
| #include <ac_nonexistent.h>
configure:12535: checking for ld used by g++
configure:12602: result: /usr/bin/ld -m elf_x86_64
configure:12609: checking if the linker (/usr/bin/ld -m elf_x86_64) is GNU ld
configure:12624: result: yes
configure:12679: checking whether the g++ linker (/usr/bin/ld -m elf_x86_64) supports shared libraries
configure:13752: result: yes
configure:13788: g++ -c -g -O2 --std=c++1y -g -fprofile-arcs -ftest-coverage --coverage -fPIC -DPIC -lgcov -O0 conftest.cpp >&5
configure:13791: $? = 0
configure:14272: checking for g++ option to produce PIC
configure:14279: result: -fPIC -DPIC
configure:14287: checking if g++ PIC flag -fPIC -DPIC works
configure:14305: g++ -c -g -O2 --std=c++1y -g -fprofile-arcs -ftest-coverage --coverage -fPIC -DPIC -lgcov -O0 -fPIC -DPIC -DPIC conftest.cpp >&5
configure:14309: $? = 0
configure:14322: result: yes
configure:14345: checking if g++ static flag -static works
configure:14373: result: yes
configure:14385: checking if g++ supports -c -o file.o
configure:14406: g++ -c -g -O2 --std=c++1y -g -fprofile-arcs -ftest-coverage --coverage -fPIC -DPIC -lgcov -O0 -o out/conftest2.o conftest.cpp >&5
configure:14410: $? = 0
configure:14432: result: yes
configure:14437: checking if g++ supports -c -o file.o
configure:14484: result: yes
configure:14514: checking whether the g++ linker (/usr/bin/ld -m elf_x86_64) supports shared libraries
configure:14557: result: yes
configure:14698: checking dynamic linker characteristics
configure:15455: result: GNU/Linux ld.so
configure:15520: checking how to hardcode library paths into programs
configure:15545: result: immediate
configure:15587: checking dependency style of g++
configure:15698: result: gcc3
configure:15860: checking that generated files are newer than configure
configure:15866: result: done
configure:15893: creating ./config.status

## ---------------------- ##
## Running config.status. ##
## ---------------------- ##

This file was extended by Snap Plugin Library config.status 0.0.1-beta, which was
generated by GNU Autoconf 2.69.  Invocation command line was

  CONFIG_FILES    = 
  CONFIG_HEADERS  = 
  CONFIG_LINKS    = 
  CONFIG_COMMANDS = 
  $ ./config.status 

on mkleina-dev

config.status:1071: creating Makefile
config.status:1071: creating src/Makefile
config.status:1243: executing libtool commands
config.status:1243: executing depfiles commands

## ---------------- ##
## Cache variables. ##
## ---------------- ##

ac_cv_build=x86_64-pc-linux-gnu
ac_cv_c_compiler_gnu=yes
ac_cv_cxx_compiler_gnu=yes
ac_cv_env_CCC_set=
ac_cv_env_CCC_value=
ac_cv_env_CC_set=
ac_cv_env_CC_value=
ac_cv_env_CFLAGS_set=
ac_cv_env_CFLAGS_value=
ac_cv_env_CPPFLAGS_set=set
ac_cv_env_CPPFLAGS_value='--std=c++1y -g -fprofile-arcs -ftest-coverage --coverage -fPIC -DPIC -lgcov -O0'
ac_cv_env_CPP_set=
ac_cv_env_CPP_value=
ac_cv_env_CXXCPP_set=
ac_cv_env_CXXCPP_value=
ac_cv_env_CXXFLAGS_set=
ac_cv_env_CXXFLAGS_value=
ac_cv_env_CXX_set=
ac_cv_env_CXX_value=
ac_cv_env_LDFLAGS_set=set
ac_cv_env_LDFLAGS_value='-g -fprofile-arcs -ftest-coverage --coverage -fPIC -DPIC -lgcov -O0'
ac_cv_env_LIBS_set=
ac_cv_env_LIBS_value=
ac_cv_env_LT_SYS_LIBRARY_PATH_set=
ac_cv_env_LT_SYS_LIBRARY_PATH_value=
ac_cv_env_build_alias_set=
ac_cv_env_build_alias_value=
ac_cv_env_host_alias_set=
ac_cv_env_host_alias_value=
ac_cv_env_target_alias_set=
ac_cv_env_target_alias_value=
ac_cv_header_dlfcn_h=yes
ac_cv_header_inttypes_h=yes
ac_cv_header_memory_h=yes
ac_cv_header_stdc=yes
ac_cv_header_stdint_h=yes
ac_cv_header_stdlib_h=yes
ac_cv_header_string_h=yes
ac_cv_header_strings_h=yes
ac_cv_header_sys_stat_h=yes
ac_cv_header_sys_types_h=yes
ac_cv_header_unistd_h=yes
ac_cv_host=x86_64-pc-linux-gnu
ac_cv_objext=o
ac_cv_path_EGREP='/bin/grep -E'
ac_cv_path_FGREP='/bin/grep -F'
ac_cv_path_GREP=/bin/grep
ac_cv_path_SED=/bin/sed
ac_cv_path_install='/usr/bin/install -c'
ac_cv_path_lt_DD=/bin/dd
ac_cv_path_mkdir=/bin/mkdir
ac_cv_prog_AWK=mawk
ac_cv_prog_CPP='gcc -E'
ac_cv_prog_CXXCPP='g++ -E'
ac_cv_prog_ac_ct_AR=ar
ac_cv_prog_ac_ct_CC=gcc
ac_cv_prog_ac_ct_CXX=g++
ac_cv_prog_ac_ct_OBJDUMP=objdump
ac_cv_prog_ac_ct_RANLIB=ranlib
ac_cv_prog_ac_ct_STRIP=strip
ac_cv_prog_cc_c89=
ac_cv_prog_cc_g=yes
ac_cv_prog_cxx_g=yes
ac_cv_prog_make_make_set=yes
am_cv_CC_dependencies_compiler_type=gcc3
am_cv_CXX_dependencies_compiler_type=gcc3
am_cv_make_support_nested_variables=yes
am_cv_prog_cc_c_o=yes
lt_cv_ar_at_file=@
lt_cv_archive_cmds_need_lc=no
lt_cv_deplibs_check_method=pass_all
lt_cv_file_magic_cmd='$MAGIC_CMD'
lt_cv_file_magic_test_file=
lt_cv_ld_reload_flag=-r
lt_cv_nm_interface='BSD nm'
lt_cv_objdir=.libs
lt_cv_path_LD=/usr/bin/ld
lt_cv_path_LDCXX='/usr/bin/ld -m elf_x86_64'
lt_cv_path_NM='/usr/bin/nm -B'
lt_cv_path_mainfest_tool=no
lt_cv_prog_compiler_c_o=yes
lt_cv_prog_compiler_c_o_CXX=yes
lt_cv_prog_compiler_pic='-fPIC -DPIC'
lt_cv_prog_compiler_pic_CXX='-fPIC -DPIC'
lt_cv_prog_compiler_pic_works=yes
lt_cv_prog_compiler_pic_works_CXX=yes
lt_cv_prog_compiler_rtti_exceptions=no
lt_cv_prog_compiler_static_works=yes
lt_cv_prog_compiler_static_works_CXX=yes
lt_cv_prog_gnu_ld=yes
lt_cv_prog_gnu_ldcxx=yes
lt_cv_sharedlib_from_linklib_cmd='printf %s\n'
lt_cv_shlibpath_overrides_runpath=no
lt_cv_sys_global_symbol_pipe='sed -n -e '\''s/^.*[	 ]\([ABCDGIRSTW][ABCDGIRSTW]*\)[	 ][	 ]*\([_A-Za-z][_A-Za-z0-9]*\)$/\1 \2 \2/p'\'' | sed '\''/ __gnu_lto/d'\'''
lt_cv_sys_global_symbol_to_c_name_address='sed -n -e '\''s/^: \(.*\) .*$/  {"\1", (void *) 0},/p'\'' -e '\''s/^[ABCDGIRSTW][ABCDGIRSTW]* .* \(.*\)$/  {"\1", (void *) \&\1},/p'\'''
lt_cv_sys_global_symbol_to_c_name_address_lib_prefix='sed -n -e '\''s/^: \(.*\) .*$/  {"\1", (void *) 0},/p'\'' -e '\''s/^[ABCDGIRSTW][ABCDGIRSTW]* .* \(lib.*\)$/  {"\1", (void *) \&\1},/p'\'' -e '\''s/^[ABCDGIRSTW][ABCDGIRSTW]* .* \(.*\)$/  {"lib\1", (void *) \&\1},/p'\'''
lt_cv_sys_global_symbol_to_cdecl='sed -n -e '\''s/^T .* \(.*\)$/extern int \1();/p'\'' -e '\''s/^[ABCDGIRSTW][ABCDGIRSTW]* .* \(.*\)$/extern char \1;/p'\'''
lt_cv_sys_global_symbol_to_import=
lt_cv_sys_max_cmd_len=1572864
lt_cv_to_host_file_cmd=func_convert_file_noop
lt_cv_to_tool_file_cmd=func_convert_file_noop
lt_cv_truncate_bin='/bin/dd bs=4096 count=1'

## ----------------- ##
## Output variables. ##
## ----------------- ##

ACLOCAL='${SHELL} /root/snap-plugin-lib-cpp/missing aclocal-1.15'
AMDEPBACKSLASH='\'
AMDEP_FALSE='#'
AMDEP_TRUE=''
AMTAR='$${TAR-tar}'
AM_BACKSLASH='\'
AM_DEFAULT_V='$(AM_DEFAULT_VERBOSITY)'
AM_DEFAULT_VERBOSITY='1'
AM_V='$(V)'
AR='ar'
AUTOCONF='${SHELL} /root/snap-plugin-lib-cpp/missing autoconf'
AUTOHEADER='${SHELL} /root/snap-plugin-lib-cpp/missing autoheader'
AUTOMAKE='${SHELL} /root/snap-plugin-lib-cpp/missing automake-1.15'
AWK='mawk'
CC='gcc'
CCDEPMODE='depmode=gcc3'
CFLAGS='-g -O2'
CPP='gcc -E'
CPPFLAGS='--std=c++1y -g -fprofile-arcs -ftest-coverage --coverage -fPIC -DPIC -lgcov -O0'
CXX='g++'
CXXCPP='g++ -E'
CXXDEPMODE='depmode=gcc3'
CXXFLAGS='-g -O2'
CYGPATH_W='echo'
DEFS='-DPACKAGE_NAME=\"Snap\ Plugin\ Library\" -DPACKAGE_TARNAME=\"snap\" -DPACKAGE_VERSION=\"0.0.1-beta\" -DPACKAGE_STRING=\"Snap\ Plugin\ Library\ 0.0.1-beta\" -DPACKAGE_BUGREPORT=\"danielscottt@gmail.com\" -DPACKAGE_URL=\"\" -DSTDC_HEADERS=1 -DHAVE_SYS_TYPES_H=1 -DHAVE_SYS_STAT_H=1 -DHAVE_STDLIB_H=1 -DHAVE_STRING_H=1 -DHAVE_MEMORY_H=1 -DHAVE_STRINGS_H=1 -DHAVE_INTTYPES_H=1 -DHAVE_STDINT_H=1 -DHAVE_UNISTD_H=1 -DHAVE_DLFCN_H=1 -DLT_OBJDIR=\".libs/\" -DPACKAGE=\"snap\" -DVERSION=\"0.0.1-beta\"'
DEPDIR='.deps'
DLLTOOL='false'
DSYMUTIL=''
DUMPBIN=''
ECHO_C=''
ECHO_N='-n'
ECHO_T=''
EGREP='/bin/grep -E'
EXEEXT=''
FGREP='/bin/grep -F'
GREP='/bin/grep'
INSTALL_DATA='${INSTALL} -m 644'
INSTALL_PROGRAM='${INSTALL}'
INSTALL_SCRIPT='${INSTALL}'
INSTALL_STRIP_PROGRAM='$(install_sh) -c -s'
LD='/usr/bin/ld -m elf_x86_64'
LDFLAGS='-g -fprofile-arcs -ftest-coverage --coverage -fPIC -DPIC -lgcov -O0'
LIBOBJS=''
LIBS=''
LIBTOOL='$(SHELL) $(top_builddir)/libtool'
LIPO=''
LN_S='ln -s'
LTLIBOBJS=''
LT_SYS_LIBRARY_PATH=''
MAKEINFO='${SHELL} /root/snap-plugin-lib-cpp/missing makeinfo'
MANIFEST_TOOL=':'
MKDIR_P='/bin/mkdir -p'
NM='/usr/bin/nm -B'
NMEDIT=''
OBJDUMP='objdump'
OBJEXT='o'
OTOOL64=''
OTOOL=''
PACKAGE='snap'
PACKAGE_BUGREPORT='danielscottt@gmail.com'
PACKAGE_NAME='Snap Plugin Library'
PACKAGE_STRING='Snap Plugin Library 0.0.1-beta'
PACKAGE_TARNAME='snap'
PACKAGE_URL=''
PACKAGE_VERSION='0.0.1-beta'
PATH_SEPARATOR=':'
RANLIB='ranlib'
SED='/bin/sed'
SET_MAKE=''
SHELL='/bin/bash'
STRIP='strip'
VERSION='0.0.1-beta'
ac_ct_AR='ar'
ac_ct_CC='gcc'
ac_ct_CXX='g++'
ac_ct_DUMPBIN=''
am__EXEEXT_FALSE=''
am__EXEEXT_TRUE='#'
am__fastdepCC_FALSE='#'
am__fastdepCC_TRUE=''
am__fastdepCXX_FALSE='#'
am__fastdepCXX_TRUE=''
am__include='include'
am__isrc=''
am__leading_dot='.'
am__nodep='_no'
am__quote=''
am__tar='$${TAR-tar} chof - "$$tardir"'
am__untar='$${TAR-tar} xf -'
bindir='${exec_prefix}/bin'
build='x86_64-pc-linux-gnu'
build_alias=''
build_cpu='x86_64'
build_os='linux-gnu'
build_vendor='pc'
datadir='${datarootdir}'
datarootdir='${prefix}/share'
docdir='${datarootdir}/doc/${PACKAGE_TARNAME}'
dvidir='${docdir}'
exec_prefix='${prefix}'
host='x86_64-pc-linux-gnu'
host_alias=''
host_cpu='x86_64'
host_os='linux-gnu'
host_vendor='pc'
htmldir='${docdir}'
includedir='${prefix}/include'
infodir='${datarootdir}/info'
install_sh='${SHELL} /root/snap-plugin-lib-cpp/install-sh'
libdir='${exec_prefix}/lib'
libexecdir='${exec_prefix}/libexec'
localedir='${datarootdir}/locale'
localstatedir='${prefix}/var'
mandir='${datarootdir}/man'
mkdir_p='$(MKDIR_P)'
oldincludedir='/usr/include'
pdfdir='${docdir}'
prefix='/root/snap-plugin-lib-cpp/lib'
program_transform_name='s,x,x,'
psdir='${docdir}'
runstatedir='${localstatedir}/run'
sbindir='${exec_prefix}/sbin'
sharedstatedir='${prefix}/com'
sysconfdir='${prefix}/etc'
target_alias=''

## ----------- ##
## confdefs.h. ##
## ----------- ##

/* confdefs.h */
#define PACKAGE_NAME "Snap Plugin Library"
#define PACKAGE_TARNAME "snap"
#define PACKAGE_VERSION "0.0.1-beta"
#define PACKAGE_STRING "Snap Plugin Library 0.0.1-beta"
#define PACKAGE_BUGREPORT "danielscottt@gmail.com"
#define PACKAGE_URL ""
#define STDC_HEADERS 1
#define HAVE_SYS_TYPES_H 1
#define HAVE_SYS_STAT_H 1
#define HAVE_STDLIB_H 1
#define HAVE_STRING_H 1
#define HAVE_MEMORY_H 1
#define HAVE_STRINGS_H 1
#define HAVE_INTTYPES_H 1
#define HAVE_STDINT_H 1
#define HAVE_UNISTD_H 1
#define HAVE_DLFCN_H 1
#define LT_OBJDIR ".libs/"
#define PACKAGE "snap"
#define VERSION "0.0.1-beta"

configure: exit 0
